<?xml version="1.0" encoding="UTF-8"?>
<!-- Generated by org.testng.reporters.JUnitReportReporter -->
<testsuite hostname="DESKTOP-RF1V4VH" failures="0" tests="1" name="SalesforceTC001" time="43.813" errors="0" timestamp="2023-09-26T09:31:50 IST" skipped="0">
  <testcase classname="SalesforceTC001" name="Salesforce" time="43.813"/>
  <system-out/>
</testsuite> <!-- SalesforceTC001 -->
